<?xml version="1.0" encoding="UTF-8"?>
<testsuite xmlns:xsi="http://www.w3.org/2001/XMLSchema-instance" xsi:noNamespaceSchemaLocation="https://maven.apache.org/surefire/maven-surefire-plugin/xsd/surefire-test-report.xsd" name="com.dojo.newprojectdojo.NewprojectdojoApplicationTests" time="2.954" tests="1" errors="0" skipped="0" failures="0">
  <properties>
    <property name="java.specification.version" value="17"/>
    <property name="sun.cpu.isalist" value="amd64"/>
    <property name="sun.jnu.encoding" value="Cp1252"/>
    <property name="java.class.path" value="D:\ws-newprojectdojo\newprojectdojo2\target\test-classes;D:\ws-newprojectdojo\newprojectdojo2\target\classes;C:\Users\rodri\.m2\repository\org\springframework\boot\spring-boot-starter-web\3.0.0-M5\spring-boot-starter-web-3.0.0-M5.jar;C:\Users\rodri\.m2\repository\org\springframework\boot\spring-boot-starter\3.0.0-M5\spring-boot-starter-3.0.0-M5.jar;C:\Users\rodri\.m2\repository\org\springframework\boot\spring-boot\3.0.0-M5\spring-boot-3.0.0-M5.jar;C:\Users\rodri\.m2\repository\org\springframework\boot\spring-boot-autoconfigure\3.0.0-M5\spring-boot-autoconfigure-3.0.0-M5.jar;C:\Users\rodri\.m2\repository\org\springframework\boot\spring-boot-starter-logging\3.0.0-M5\spring-boot-starter-logging-3.0.0-M5.jar;C:\Users\rodri\.m2\repository\ch\qos\logback\logback-classic\1.2.11\logback-classic-1.2.11.jar;C:\Users\rodri\.m2\repository\ch\qos\logback\logback-core\1.2.11\logback-core-1.2.11.jar;C:\Users\rodri\.m2\repository\org\apache\logging\log4j\log4j-to-slf4j\2.18.0\log4j-to-slf4j-2.18.0.jar;C:\Users\rodri\.m2\repository\org\apache\logging\log4j\log4j-api\2.18.0\log4j-api-2.18.0.jar;C:\Users\rodri\.m2\repository\org\slf4j\jul-to-slf4j\1.7.36\jul-to-slf4j-1.7.36.jar;C:\Users\rodri\.m2\repository\jakarta\annotation\jakarta.annotation-api\2.0.0\jakarta.annotation-api-2.0.0.jar;C:\Users\rodri\.m2\repository\org\yaml\snakeyaml\1.32\snakeyaml-1.32.jar;C:\Users\rodri\.m2\repository\org\springframework\boot\spring-boot-starter-json\3.0.0-M5\spring-boot-starter-json-3.0.0-M5.jar;C:\Users\rodri\.m2\repository\com\fasterxml\jackson\core\jackson-databind\2.13.4\jackson-databind-2.13.4.jar;C:\Users\rodri\.m2\repository\com\fasterxml\jackson\core\jackson-annotations\2.13.4\jackson-annotations-2.13.4.jar;C:\Users\rodri\.m2\repository\com\fasterxml\jackson\core\jackson-core\2.13.4\jackson-core-2.13.4.jar;C:\Users\rodri\.m2\repository\com\fasterxml\jackson\datatype\jackson-datatype-jdk8\2.13.4\jackson-datatype-jdk8-2.13.4.jar;C:\Users\rodri\.m2\repository\com\fasterxml\jackson\datatype\jackson-datatype-jsr310\2.13.4\jackson-datatype-jsr310-2.13.4.jar;C:\Users\rodri\.m2\repository\com\fasterxml\jackson\module\jackson-module-parameter-names\2.13.4\jackson-module-parameter-names-2.13.4.jar;C:\Users\rodri\.m2\repository\org\springframework\boot\spring-boot-starter-tomcat\3.0.0-M5\spring-boot-starter-tomcat-3.0.0-M5.jar;C:\Users\rodri\.m2\repository\org\apache\tomcat\embed\tomcat-embed-core\10.0.23\tomcat-embed-core-10.0.23.jar;C:\Users\rodri\.m2\repository\org\apache\tomcat\embed\tomcat-embed-el\10.0.23\tomcat-embed-el-10.0.23.jar;C:\Users\rodri\.m2\repository\org\apache\tomcat\embed\tomcat-embed-websocket\10.0.23\tomcat-embed-websocket-10.0.23.jar;C:\Users\rodri\.m2\repository\org\springframework\spring-web\6.0.0-M6\spring-web-6.0.0-M6.jar;C:\Users\rodri\.m2\repository\org\springframework\spring-beans\6.0.0-M6\spring-beans-6.0.0-M6.jar;C:\Users\rodri\.m2\repository\io\micrometer\micrometer-observation\1.10.0-M6\micrometer-observation-1.10.0-M6.jar;C:\Users\rodri\.m2\repository\io\micrometer\micrometer-commons\1.10.0-M6\micrometer-commons-1.10.0-M6.jar;C:\Users\rodri\.m2\repository\org\springframework\spring-webmvc\6.0.0-M6\spring-webmvc-6.0.0-M6.jar;C:\Users\rodri\.m2\repository\org\springframework\spring-aop\6.0.0-M6\spring-aop-6.0.0-M6.jar;C:\Users\rodri\.m2\repository\org\springframework\spring-context\6.0.0-M6\spring-context-6.0.0-M6.jar;C:\Users\rodri\.m2\repository\org\springframework\spring-expression\6.0.0-M6\spring-expression-6.0.0-M6.jar;C:\Users\rodri\.m2\repository\org\projectlombok\lombok\1.18.24\lombok-1.18.24.jar;C:\Users\rodri\.m2\repository\org\springframework\boot\spring-boot-starter-test\3.0.0-M5\spring-boot-starter-test-3.0.0-M5.jar;C:\Users\rodri\.m2\repository\org\springframework\boot\spring-boot-test\3.0.0-M5\spring-boot-test-3.0.0-M5.jar;C:\Users\rodri\.m2\repository\org\springframework\boot\spring-boot-test-autoconfigure\3.0.0-M5\spring-boot-test-autoconfigure-3.0.0-M5.jar;C:\Users\rodri\.m2\repository\com\jayway\jsonpath\json-path\2.7.0\json-path-2.7.0.jar;C:\Users\rodri\.m2\repository\net\minidev\json-smart\2.4.8\json-smart-2.4.8.jar;C:\Users\rodri\.m2\repository\net\minidev\accessors-smart\2.4.8\accessors-smart-2.4.8.jar;C:\Users\rodri\.m2\repository\org\ow2\asm\asm\9.1\asm-9.1.jar;C:\Users\rodri\.m2\repository\org\slf4j\slf4j-api\1.7.36\slf4j-api-1.7.36.jar;C:\Users\rodri\.m2\repository\jakarta\xml\bind\jakarta.xml.bind-api\3.0.1\jakarta.xml.bind-api-3.0.1.jar;C:\Users\rodri\.m2\repository\com\sun\activation\jakarta.activation\2.0.1\jakarta.activation-2.0.1.jar;C:\Users\rodri\.m2\repository\org\assertj\assertj-core\3.23.1\assertj-core-3.23.1.jar;C:\Users\rodri\.m2\repository\net\bytebuddy\byte-buddy\1.12.17\byte-buddy-1.12.17.jar;C:\Users\rodri\.m2\repository\org\hamcrest\hamcrest\2.2\hamcrest-2.2.jar;C:\Users\rodri\.m2\repository\org\junit\jupiter\junit-jupiter\5.9.1\junit-jupiter-5.9.1.jar;C:\Users\rodri\.m2\repository\org\junit\jupiter\junit-jupiter-api\5.9.1\junit-jupiter-api-5.9.1.jar;C:\Users\rodri\.m2\repository\org\opentest4j\opentest4j\1.2.0\opentest4j-1.2.0.jar;C:\Users\rodri\.m2\repository\org\junit\platform\junit-platform-commons\1.9.1\junit-platform-commons-1.9.1.jar;C:\Users\rodri\.m2\repository\org\apiguardian\apiguardian-api\1.1.2\apiguardian-api-1.1.2.jar;C:\Users\rodri\.m2\repository\org\junit\jupiter\junit-jupiter-params\5.9.1\junit-jupiter-params-5.9.1.jar;C:\Users\rodri\.m2\repository\org\junit\jupiter\junit-jupiter-engine\5.9.1\junit-jupiter-engine-5.9.1.jar;C:\Users\rodri\.m2\repository\org\junit\platform\junit-platform-engine\1.9.1\junit-platform-engine-1.9.1.jar;C:\Users\rodri\.m2\repository\org\mockito\mockito-core\4.8.0\mockito-core-4.8.0.jar;C:\Users\rodri\.m2\repository\net\bytebuddy\byte-buddy-agent\1.12.17\byte-buddy-agent-1.12.17.jar;C:\Users\rodri\.m2\repository\org\objenesis\objenesis\3.2\objenesis-3.2.jar;C:\Users\rodri\.m2\repository\org\mockito\mockito-junit-jupiter\4.8.0\mockito-junit-jupiter-4.8.0.jar;C:\Users\rodri\.m2\repository\org\skyscreamer\jsonassert\1.5.1\jsonassert-1.5.1.jar;C:\Users\rodri\.m2\repository\com\vaadin\external\google\android-json\0.0.20131108.vaadin1\android-json-0.0.20131108.vaadin1.jar;C:\Users\rodri\.m2\repository\org\springframework\spring-core\6.0.0-M6\spring-core-6.0.0-M6.jar;C:\Users\rodri\.m2\repository\org\springframework\spring-jcl\6.0.0-M6\spring-jcl-6.0.0-M6.jar;C:\Users\rodri\.m2\repository\org\springframework\spring-test\6.0.0-M6\spring-test-6.0.0-M6.jar;C:\Users\rodri\.m2\repository\org\xmlunit\xmlunit-core\2.9.0\xmlunit-core-2.9.0.jar;C:\Users\rodri\.m2\repository\org\springframework\boot\spring-boot-starter-data-jpa\3.0.0-M5\spring-boot-starter-data-jpa-3.0.0-M5.jar;C:\Users\rodri\.m2\repository\org\springframework\boot\spring-boot-starter-aop\3.0.0-M5\spring-boot-starter-aop-3.0.0-M5.jar;C:\Users\rodri\.m2\repository\org\aspectj\aspectjweaver\1.9.9.1\aspectjweaver-1.9.9.1.jar;C:\Users\rodri\.m2\repository\org\springframework\boot\spring-boot-starter-jdbc\3.0.0-M5\spring-boot-starter-jdbc-3.0.0-M5.jar;C:\Users\rodri\.m2\repository\com\zaxxer\HikariCP\5.0.1\HikariCP-5.0.1.jar;C:\Users\rodri\.m2\repository\org\springframework\spring-jdbc\6.0.0-M6\spring-jdbc-6.0.0-M6.jar;C:\Users\rodri\.m2\repository\org\hibernate\orm\hibernate-core\6.1.3.Final\hibernate-core-6.1.3.Final.jar;C:\Users\rodri\.m2\repository\jakarta\persistence\jakarta.persistence-api\3.0.0\jakarta.persistence-api-3.0.0.jar;C:\Users\rodri\.m2\repository\jakarta\transaction\jakarta.transaction-api\2.0.1\jakarta.transaction-api-2.0.1.jar;C:\Users\rodri\.m2\repository\org\jboss\logging\jboss-logging\3.5.0.Final\jboss-logging-3.5.0.Final.jar;C:\Users\rodri\.m2\repository\org\hibernate\common\hibernate-commons-annotations\6.0.2.Final\hibernate-commons-annotations-6.0.2.Final.jar;C:\Users\rodri\.m2\repository\org\jboss\jandex\2.4.2.Final\jandex-2.4.2.Final.jar;C:\Users\rodri\.m2\repository\com\fasterxml\classmate\1.5.1\classmate-1.5.1.jar;C:\Users\rodri\.m2\repository\org\glassfish\jaxb\jaxb-runtime\3.0.2\jaxb-runtime-3.0.2.jar;C:\Users\rodri\.m2\repository\org\glassfish\jaxb\jaxb-core\3.0.2\jaxb-core-3.0.2.jar;C:\Users\rodri\.m2\repository\org\glassfish\jaxb\txw2\3.0.2\txw2-3.0.2.jar;C:\Users\rodri\.m2\repository\com\sun\istack\istack-commons-runtime\4.0.1\istack-commons-runtime-4.0.1.jar;C:\Users\rodri\.m2\repository\jakarta\inject\jakarta.inject-api\2.0.0\jakarta.inject-api-2.0.0.jar;C:\Users\rodri\.m2\repository\org\antlr\antlr4-runtime\4.10\antlr4-runtime-4.10.jar;C:\Users\rodri\.m2\repository\org\springframework\data\spring-data-jpa\3.0.0-M6\spring-data-jpa-3.0.0-M6.jar;C:\Users\rodri\.m2\repository\org\springframework\data\spring-data-commons\3.0.0-M6\spring-data-commons-3.0.0-M6.jar;C:\Users\rodri\.m2\repository\org\springframework\spring-orm\6.0.0-M6\spring-orm-6.0.0-M6.jar;C:\Users\rodri\.m2\repository\org\springframework\spring-tx\6.0.0-M6\spring-tx-6.0.0-M6.jar;C:\Users\rodri\.m2\repository\org\springframework\spring-aspects\6.0.0-M6\spring-aspects-6.0.0-M6.jar;C:\Users\rodri\.m2\repository\com\h2database\h2\2.1.214\h2-2.1.214.jar;C:\Users\rodri\.m2\repository\org\postgresql\postgresql\42.5.0\postgresql-42.5.0.jar;C:\Users\rodri\.m2\repository\org\checkerframework\checker-qual\3.5.0\checker-qual-3.5.0.jar;"/>
    <property name="java.vm.vendor" value="Oracle Corporation"/>
    <property name="sun.arch.data.model" value="64"/>
    <property name="user.variant" value=""/>
    <property name="java.vendor.url" value="https://java.oracle.com/"/>
    <property name="user.timezone" value="America/Sao_Paulo"/>
    <property name="os.name" value="Windows 10"/>
    <property name="java.vm.specification.version" value="17"/>
    <property name="sun.java.launcher" value="SUN_STANDARD"/>
    <property name="user.country" value="BR"/>
    <property name="sun.boot.library.path" value="C:\Program Files\Java\jdk-17.0.4.1\bin"/>
    <property name="sun.java.command" value="C:\Users\rodri\AppData\Local\Temp\surefire971671049889599474\surefirebooter3749893407647370140.jar C:\Users\rodri\AppData\Local\Temp\surefire971671049889599474 2022-10-17T21-50-47_956-jvmRun1 surefire9671061669217073638tmp surefire_015727711790234705179tmp"/>
    <property name="jdk.debug" value="release"/>
    <property name="surefire.test.class.path" value="D:\ws-newprojectdojo\newprojectdojo2\target\test-classes;D:\ws-newprojectdojo\newprojectdojo2\target\classes;C:\Users\rodri\.m2\repository\org\springframework\boot\spring-boot-starter-web\3.0.0-M5\spring-boot-starter-web-3.0.0-M5.jar;C:\Users\rodri\.m2\repository\org\springframework\boot\spring-boot-starter\3.0.0-M5\spring-boot-starter-3.0.0-M5.jar;C:\Users\rodri\.m2\repository\org\springframework\boot\spring-boot\3.0.0-M5\spring-boot-3.0.0-M5.jar;C:\Users\rodri\.m2\repository\org\springframework\boot\spring-boot-autoconfigure\3.0.0-M5\spring-boot-autoconfigure-3.0.0-M5.jar;C:\Users\rodri\.m2\repository\org\springframework\boot\spring-boot-starter-logging\3.0.0-M5\spring-boot-starter-logging-3.0.0-M5.jar;C:\Users\rodri\.m2\repository\ch\qos\logback\logback-classic\1.2.11\logback-classic-1.2.11.jar;C:\Users\rodri\.m2\repository\ch\qos\logback\logback-core\1.2.11\logback-core-1.2.11.jar;C:\Users\rodri\.m2\repository\org\apache\logging\log4j\log4j-to-slf4j\2.18.0\log4j-to-slf4j-2.18.0.jar;C:\Users\rodri\.m2\repository\org\apache\logging\log4j\log4j-api\2.18.0\log4j-api-2.18.0.jar;C:\Users\rodri\.m2\repository\org\slf4j\jul-to-slf4j\1.7.36\jul-to-slf4j-1.7.36.jar;C:\Users\rodri\.m2\repository\jakarta\annotation\jakarta.annotation-api\2.0.0\jakarta.annotation-api-2.0.0.jar;C:\Users\rodri\.m2\repository\org\yaml\snakeyaml\1.32\snakeyaml-1.32.jar;C:\Users\rodri\.m2\repository\org\springframework\boot\spring-boot-starter-json\3.0.0-M5\spring-boot-starter-json-3.0.0-M5.jar;C:\Users\rodri\.m2\repository\com\fasterxml\jackson\core\jackson-databind\2.13.4\jackson-databind-2.13.4.jar;C:\Users\rodri\.m2\repository\com\fasterxml\jackson\core\jackson-annotations\2.13.4\jackson-annotations-2.13.4.jar;C:\Users\rodri\.m2\repository\com\fasterxml\jackson\core\jackson-core\2.13.4\jackson-core-2.13.4.jar;C:\Users\rodri\.m2\repository\com\fasterxml\jackson\datatype\jackson-datatype-jdk8\2.13.4\jackson-datatype-jdk8-2.13.4.jar;C:\Users\rodri\.m2\repository\com\fasterxml\jackson\datatype\jackson-datatype-jsr310\2.13.4\jackson-datatype-jsr310-2.13.4.jar;C:\Users\rodri\.m2\repository\com\fasterxml\jackson\module\jackson-module-parameter-names\2.13.4\jackson-module-parameter-names-2.13.4.jar;C:\Users\rodri\.m2\repository\org\springframework\boot\spring-boot-starter-tomcat\3.0.0-M5\spring-boot-starter-tomcat-3.0.0-M5.jar;C:\Users\rodri\.m2\repository\org\apache\tomcat\embed\tomcat-embed-core\10.0.23\tomcat-embed-core-10.0.23.jar;C:\Users\rodri\.m2\repository\org\apache\tomcat\embed\tomcat-embed-el\10.0.23\tomcat-embed-el-10.0.23.jar;C:\Users\rodri\.m2\repository\org\apache\tomcat\embed\tomcat-embed-websocket\10.0.23\tomcat-embed-websocket-10.0.23.jar;C:\Users\rodri\.m2\repository\org\springframework\spring-web\6.0.0-M6\spring-web-6.0.0-M6.jar;C:\Users\rodri\.m2\repository\org\springframework\spring-beans\6.0.0-M6\spring-beans-6.0.0-M6.jar;C:\Users\rodri\.m2\repository\io\micrometer\micrometer-observation\1.10.0-M6\micrometer-observation-1.10.0-M6.jar;C:\Users\rodri\.m2\repository\io\micrometer\micrometer-commons\1.10.0-M6\micrometer-commons-1.10.0-M6.jar;C:\Users\rodri\.m2\repository\org\springframework\spring-webmvc\6.0.0-M6\spring-webmvc-6.0.0-M6.jar;C:\Users\rodri\.m2\repository\org\springframework\spring-aop\6.0.0-M6\spring-aop-6.0.0-M6.jar;C:\Users\rodri\.m2\repository\org\springframework\spring-context\6.0.0-M6\spring-context-6.0.0-M6.jar;C:\Users\rodri\.m2\repository\org\springframework\spring-expression\6.0.0-M6\spring-expression-6.0.0-M6.jar;C:\Users\rodri\.m2\repository\org\projectlombok\lombok\1.18.24\lombok-1.18.24.jar;C:\Users\rodri\.m2\repository\org\springframework\boot\spring-boot-starter-test\3.0.0-M5\spring-boot-starter-test-3.0.0-M5.jar;C:\Users\rodri\.m2\repository\org\springframework\boot\spring-boot-test\3.0.0-M5\spring-boot-test-3.0.0-M5.jar;C:\Users\rodri\.m2\repository\org\springframework\boot\spring-boot-test-autoconfigure\3.0.0-M5\spring-boot-test-autoconfigure-3.0.0-M5.jar;C:\Users\rodri\.m2\repository\com\jayway\jsonpath\json-path\2.7.0\json-path-2.7.0.jar;C:\Users\rodri\.m2\repository\net\minidev\json-smart\2.4.8\json-smart-2.4.8.jar;C:\Users\rodri\.m2\repository\net\minidev\accessors-smart\2.4.8\accessors-smart-2.4.8.jar;C:\Users\rodri\.m2\repository\org\ow2\asm\asm\9.1\asm-9.1.jar;C:\Users\rodri\.m2\repository\org\slf4j\slf4j-api\1.7.36\slf4j-api-1.7.36.jar;C:\Users\rodri\.m2\repository\jakarta\xml\bind\jakarta.xml.bind-api\3.0.1\jakarta.xml.bind-api-3.0.1.jar;C:\Users\rodri\.m2\repository\com\sun\activation\jakarta.activation\2.0.1\jakarta.activation-2.0.1.jar;C:\Users\rodri\.m2\repository\org\assertj\assertj-core\3.23.1\assertj-core-3.23.1.jar;C:\Users\rodri\.m2\repository\net\bytebuddy\byte-buddy\1.12.17\byte-buddy-1.12.17.jar;C:\Users\rodri\.m2\repository\org\hamcrest\hamcrest\2.2\hamcrest-2.2.jar;C:\Users\rodri\.m2\repository\org\junit\jupiter\junit-jupiter\5.9.1\junit-jupiter-5.9.1.jar;C:\Users\rodri\.m2\repository\org\junit\jupiter\junit-jupiter-api\5.9.1\junit-jupiter-api-5.9.1.jar;C:\Users\rodri\.m2\repository\org\opentest4j\opentest4j\1.2.0\opentest4j-1.2.0.jar;C:\Users\rodri\.m2\repository\org\junit\platform\junit-platform-commons\1.9.1\junit-platform-commons-1.9.1.jar;C:\Users\rodri\.m2\repository\org\apiguardian\apiguardian-api\1.1.2\apiguardian-api-1.1.2.jar;C:\Users\rodri\.m2\repository\org\junit\jupiter\junit-jupiter-params\5.9.1\junit-jupiter-params-5.9.1.jar;C:\Users\rodri\.m2\repository\org\junit\jupiter\junit-jupiter-engine\5.9.1\junit-jupiter-engine-5.9.1.jar;C:\Users\rodri\.m2\repository\org\junit\platform\junit-platform-engine\1.9.1\junit-platform-engine-1.9.1.jar;C:\Users\rodri\.m2\repository\org\mockito\mockito-core\4.8.0\mockito-core-4.8.0.jar;C:\Users\rodri\.m2\repository\net\bytebuddy\byte-buddy-agent\1.12.17\byte-buddy-agent-1.12.17.jar;C:\Users\rodri\.m2\repository\org\objenesis\objenesis\3.2\objenesis-3.2.jar;C:\Users\rodri\.m2\repository\org\mockito\mockito-junit-jupiter\4.8.0\mockito-junit-jupiter-4.8.0.jar;C:\Users\rodri\.m2\repository\org\skyscreamer\jsonassert\1.5.1\jsonassert-1.5.1.jar;C:\Users\rodri\.m2\repository\com\vaadin\external\google\android-json\0.0.20131108.vaadin1\android-json-0.0.20131108.vaadin1.jar;C:\Users\rodri\.m2\repository\org\springframework\spring-core\6.0.0-M6\spring-core-6.0.0-M6.jar;C:\Users\rodri\.m2\repository\org\springframework\spring-jcl\6.0.0-M6\spring-jcl-6.0.0-M6.jar;C:\Users\rodri\.m2\repository\org\springframework\spring-test\6.0.0-M6\spring-test-6.0.0-M6.jar;C:\Users\rodri\.m2\repository\org\xmlunit\xmlunit-core\2.9.0\xmlunit-core-2.9.0.jar;C:\Users\rodri\.m2\repository\org\springframework\boot\spring-boot-starter-data-jpa\3.0.0-M5\spring-boot-starter-data-jpa-3.0.0-M5.jar;C:\Users\rodri\.m2\repository\org\springframework\boot\spring-boot-starter-aop\3.0.0-M5\spring-boot-starter-aop-3.0.0-M5.jar;C:\Users\rodri\.m2\repository\org\aspectj\aspectjweaver\1.9.9.1\aspectjweaver-1.9.9.1.jar;C:\Users\rodri\.m2\repository\org\springframework\boot\spring-boot-starter-jdbc\3.0.0-M5\spring-boot-starter-jdbc-3.0.0-M5.jar;C:\Users\rodri\.m2\repository\com\zaxxer\HikariCP\5.0.1\HikariCP-5.0.1.jar;C:\Users\rodri\.m2\repository\org\springframework\spring-jdbc\6.0.0-M6\spring-jdbc-6.0.0-M6.jar;C:\Users\rodri\.m2\repository\org\hibernate\orm\hibernate-core\6.1.3.Final\hibernate-core-6.1.3.Final.jar;C:\Users\rodri\.m2\repository\jakarta\persistence\jakarta.persistence-api\3.0.0\jakarta.persistence-api-3.0.0.jar;C:\Users\rodri\.m2\repository\jakarta\transaction\jakarta.transaction-api\2.0.1\jakarta.transaction-api-2.0.1.jar;C:\Users\rodri\.m2\repository\org\jboss\logging\jboss-logging\3.5.0.Final\jboss-logging-3.5.0.Final.jar;C:\Users\rodri\.m2\repository\org\hibernate\common\hibernate-commons-annotations\6.0.2.Final\hibernate-commons-annotations-6.0.2.Final.jar;C:\Users\rodri\.m2\repository\org\jboss\jandex\2.4.2.Final\jandex-2.4.2.Final.jar;C:\Users\rodri\.m2\repository\com\fasterxml\classmate\1.5.1\classmate-1.5.1.jar;C:\Users\rodri\.m2\repository\org\glassfish\jaxb\jaxb-runtime\3.0.2\jaxb-runtime-3.0.2.jar;C:\Users\rodri\.m2\repository\org\glassfish\jaxb\jaxb-core\3.0.2\jaxb-core-3.0.2.jar;C:\Users\rodri\.m2\repository\org\glassfish\jaxb\txw2\3.0.2\txw2-3.0.2.jar;C:\Users\rodri\.m2\repository\com\sun\istack\istack-commons-runtime\4.0.1\istack-commons-runtime-4.0.1.jar;C:\Users\rodri\.m2\repository\jakarta\inject\jakarta.inject-api\2.0.0\jakarta.inject-api-2.0.0.jar;C:\Users\rodri\.m2\repository\org\antlr\antlr4-runtime\4.10\antlr4-runtime-4.10.jar;C:\Users\rodri\.m2\repository\org\springframework\data\spring-data-jpa\3.0.0-M6\spring-data-jpa-3.0.0-M6.jar;C:\Users\rodri\.m2\repository\org\springframework\data\spring-data-commons\3.0.0-M6\spring-data-commons-3.0.0-M6.jar;C:\Users\rodri\.m2\repository\org\springframework\spring-orm\6.0.0-M6\spring-orm-6.0.0-M6.jar;C:\Users\rodri\.m2\repository\org\springframework\spring-tx\6.0.0-M6\spring-tx-6.0.0-M6.jar;C:\Users\rodri\.m2\repository\org\springframework\spring-aspects\6.0.0-M6\spring-aspects-6.0.0-M6.jar;C:\Users\rodri\.m2\repository\com\h2database\h2\2.1.214\h2-2.1.214.jar;C:\Users\rodri\.m2\repository\org\postgresql\postgresql\42.5.0\postgresql-42.5.0.jar;C:\Users\rodri\.m2\repository\org\checkerframework\checker-qual\3.5.0\checker-qual-3.5.0.jar;"/>
    <property name="sun.cpu.endian" value="little"/>
    <property name="user.home" value="C:\Users\rodri"/>
    <property name="user.language" value="pt"/>
    <property name="java.specification.vendor" value="Oracle Corporation"/>
    <property name="java.version.date" value="2022-08-18"/>
    <property name="java.home" value="C:\Program Files\Java\jdk-17.0.4.1"/>
    <property name="file.separator" value="\"/>
    <property name="basedir" value="D:\ws-newprojectdojo\newprojectdojo2"/>
    <property name="java.vm.compressedOopsMode" value="Zero based"/>
    <property name="line.separator" value="&#10;"/>
    <property name="java.vm.specification.vendor" value="Oracle Corporation"/>
    <property name="java.specification.name" value="Java Platform API Specification"/>
    <property name="surefire.real.class.path" value="C:\Users\rodri\AppData\Local\Temp\surefire971671049889599474\surefirebooter3749893407647370140.jar"/>
    <property name="user.script" value=""/>
    <property name="sun.management.compiler" value="HotSpot 64-Bit Tiered Compilers"/>
    <property name="java.runtime.version" value="17.0.4.1+1-LTS-2"/>
    <property name="user.name" value="rodri"/>
    <property name="path.separator" value=";"/>
    <property name="os.version" value="10.0"/>
    <property name="java.runtime.name" value="Java(TM) SE Runtime Environment"/>
    <property name="file.encoding" value="Cp1252"/>
    <property name="java.vm.name" value="Java HotSpot(TM) 64-Bit Server VM"/>
    <property name="localRepository" value="C:\Users\rodri\.m2\repository"/>
    <property name="java.vendor.url.bug" value="https://bugreport.java.com/bugreport/"/>
    <property name="java.io.tmpdir" value="C:\Users\rodri\AppData\Local\Temp\"/>
    <property name="idea.version" value="2022.2.3"/>
    <property name="java.version" value="17.0.4.1"/>
    <property name="user.dir" value="D:\ws-newprojectdojo\newprojectdojo2"/>
    <property name="os.arch" value="amd64"/>
    <property name="java.vm.specification.name" value="Java Virtual Machine Specification"/>
    <property name="sun.os.patch.level" value=""/>
    <property name="native.encoding" value="Cp1252"/>
    <property name="java.library.path" value="C:\Program Files\Java\jdk-17.0.4.1\bin;C:\Windows\Sun\Java\bin;C:\Windows\system32;C:\Windows;C:\Program Files\Common Files\Oracle\Java\javapath;C:\Program Files (x86)\Common Files\Oracle\Java\javapath;C:\Program Files (x86)\NVIDIA Corporation\PhysX\Common;C:\Windows\system32;C:\Windows;C:\Windows\System32\Wbem;C:\Windows\System32\WindowsPowerShell\v1.0\;C:\Windows\System32\OpenSSH\;C:\Program Files\Git\cmd;C:\Program Files\Amazon\AWSCLIV2\;C:\Users\rodri\AppData\Local\Microsoft\WindowsApps;C:\Program Files\JetBrains\IntelliJ IDEA Community Edition 2022.2.3\bin;;C:\Program Files\heroku\bin;C:\Users\rodri\AppData\Local\GitHubDesktop\bin;."/>
    <property name="java.vm.info" value="mixed mode, sharing"/>
    <property name="java.vendor" value="Oracle Corporation"/>
    <property name="java.vm.version" value="17.0.4.1+1-LTS-2"/>
    <property name="sun.io.unicode.encoding" value="UnicodeLittle"/>
    <property name="java.class.version" value="61.0"/>
  </properties>
  <testcase name="contextLoads" classname="com.dojo.newprojectdojo.NewprojectdojoApplicationTests" time="0.111"/>
</testsuite>